<?xml version="1.0" encoding="UTF-8"?>
<!-- Generated by org.testng.reporters.JUnitReportReporter -->
<testsuite hostname="IB-Pune-LAP-163" failures="0" tests="2" name="ExcelDrivenFramework.ExcelDrivenFramework.ExcelDriven" time="7.263" errors="0" timestamp="2022-12-30T15:14:56 IST" skipped="0">
  <testcase classname="ExcelDrivenFramework.ExcelDrivenFramework.ExcelDriven" name="deleteBook" time="0.134"/>
  <system-out/>
  <testcase classname="ExcelDrivenFramework.ExcelDrivenFramework.ExcelDriven" name="addBook" time="7.129"/>
  <system-out/>
</testsuite> <!-- ExcelDrivenFramework.ExcelDrivenFramework.ExcelDriven -->
