<?xml version="1.0" encoding="UTF-8"?>
<!-- Generated by org.testng.reporters.JUnitReportReporter -->
<testsuite hostname="IB-Pune-LAP-163" failures="0" tests="1" name="ExcelDrivenFramework.ExcelDrivenFramework.ExcelDriven" time="6.598" errors="0" timestamp="2022-12-30T13:26:31 IST" skipped="0">
  <testcase classname="ExcelDrivenFramework.ExcelDrivenFramework.ExcelDriven" name="addBook" time="6.598"/>
  <system-out/>
</testsuite> <!-- ExcelDrivenFramework.ExcelDrivenFramework.ExcelDriven -->
